<?xml version="1.0" encoding="UTF-8"?>
<!-- Generated by org.testng.reporters.JUnitReportReporter -->
<testsuite skipped="0" hostname="LAPTOP-UQ9GASHI" name="TC001_GET_Request" tests="1" failures="0" timestamp="26 Feb 2021 15:30:28 GMT" time="21.528" errors="0">
  <testcase name="getWeatherDetails" time="21.528" classname="TC001_GET_Request"/>
</testsuite> <!-- TC001_GET_Request -->
